E:\USERS\ADMINISTRATOR.USER-HO7KU9OB20\DOCUMENTS\VISUAL STUDIO 2012\PROJECTS\XML\MYSQLTOXML\DEBUG\PROGRAM.OBJ
E:\USERS\ADMINISTRATOR.USER-HO7KU9OB20\DOCUMENTS\VISUAL STUDIO 2012\PROJECTS\XML\MYSQLTOXML\DEBUG\VC110.PDB
E:\USERS\ADMINISTRATOR.USER-HO7KU9OB20\DOCUMENTS\VISUAL STUDIO 2012\PROJECTS\XML\DEBUG\MYSQLTOXML.ILK
E:\USERS\ADMINISTRATOR.USER-HO7KU9OB20\DOCUMENTS\VISUAL STUDIO 2012\PROJECTS\XML\DEBUG\MYSQLTOXML.EXE
E:\USERS\ADMINISTRATOR.USER-HO7KU9OB20\DOCUMENTS\VISUAL STUDIO 2012\PROJECTS\XML\DEBUG\MYSQLTOXML.PDB
E:\users\administrator.user-ho7ku9ob20\documents\visual studio 2012\Projects\XML\MySQLToXML\Debug\Program.obj
E:\users\administrator.user-ho7ku9ob20\documents\visual studio 2012\Projects\XML\MySQLToXML\Debug\cl.command.1.tlog
E:\users\administrator.user-ho7ku9ob20\documents\visual studio 2012\Projects\XML\MySQLToXML\Debug\CL.read.1.tlog
E:\users\administrator.user-ho7ku9ob20\documents\visual studio 2012\Projects\XML\MySQLToXML\Debug\CL.write.1.tlog
E:\users\administrator.user-ho7ku9ob20\documents\visual studio 2012\Projects\XML\MySQLToXML\Debug\link-cvtres.read.1.tlog
E:\users\administrator.user-ho7ku9ob20\documents\visual studio 2012\Projects\XML\MySQLToXML\Debug\link-cvtres.write.1.tlog
E:\users\administrator.user-ho7ku9ob20\documents\visual studio 2012\Projects\XML\MySQLToXML\Debug\link-rc.read.1.tlog
E:\users\administrator.user-ho7ku9ob20\documents\visual studio 2012\Projects\XML\MySQLToXML\Debug\link-rc.write.1.tlog
E:\users\administrator.user-ho7ku9ob20\documents\visual studio 2012\Projects\XML\MySQLToXML\Debug\link.10284-cvtres.read.1.tlog
E:\users\administrator.user-ho7ku9ob20\documents\visual studio 2012\Projects\XML\MySQLToXML\Debug\link.10284-cvtres.write.1.tlog
E:\users\administrator.user-ho7ku9ob20\documents\visual studio 2012\Projects\XML\MySQLToXML\Debug\link.10284-rc.read.1.tlog
E:\users\administrator.user-ho7ku9ob20\documents\visual studio 2012\Projects\XML\MySQLToXML\Debug\link.10284-rc.write.1.tlog
E:\users\administrator.user-ho7ku9ob20\documents\visual studio 2012\Projects\XML\MySQLToXML\Debug\link.10284.read.1.tlog
E:\users\administrator.user-ho7ku9ob20\documents\visual studio 2012\Projects\XML\MySQLToXML\Debug\link.10284.write.1.tlog
E:\users\administrator.user-ho7ku9ob20\documents\visual studio 2012\Projects\XML\MySQLToXML\Debug\link.10456-cvtres.read.1.tlog
E:\users\administrator.user-ho7ku9ob20\documents\visual studio 2012\Projects\XML\MySQLToXML\Debug\link.10456-cvtres.write.1.tlog
E:\users\administrator.user-ho7ku9ob20\documents\visual studio 2012\Projects\XML\MySQLToXML\Debug\link.10456-rc.read.1.tlog
E:\users\administrator.user-ho7ku9ob20\documents\visual studio 2012\Projects\XML\MySQLToXML\Debug\link.10456-rc.write.1.tlog
E:\users\administrator.user-ho7ku9ob20\documents\visual studio 2012\Projects\XML\MySQLToXML\Debug\link.10456.read.1.tlog
E:\users\administrator.user-ho7ku9ob20\documents\visual studio 2012\Projects\XML\MySQLToXML\Debug\link.10456.write.1.tlog
E:\users\administrator.user-ho7ku9ob20\documents\visual studio 2012\Projects\XML\MySQLToXML\Debug\link.11620-cvtres.read.1.tlog
E:\users\administrator.user-ho7ku9ob20\documents\visual studio 2012\Projects\XML\MySQLToXML\Debug\link.11620-cvtres.write.1.tlog
E:\users\administrator.user-ho7ku9ob20\documents\visual studio 2012\Projects\XML\MySQLToXML\Debug\link.11620-rc.read.1.tlog
E:\users\administrator.user-ho7ku9ob20\documents\visual studio 2012\Projects\XML\MySQLToXML\Debug\link.11620-rc.write.1.tlog
E:\users\administrator.user-ho7ku9ob20\documents\visual studio 2012\Projects\XML\MySQLToXML\Debug\link.11620.read.1.tlog
E:\users\administrator.user-ho7ku9ob20\documents\visual studio 2012\Projects\XML\MySQLToXML\Debug\link.11620.write.1.tlog
E:\users\administrator.user-ho7ku9ob20\documents\visual studio 2012\Projects\XML\MySQLToXML\Debug\link.12148-cvtres.read.1.tlog
E:\users\administrator.user-ho7ku9ob20\documents\visual studio 2012\Projects\XML\MySQLToXML\Debug\link.12148-cvtres.write.1.tlog
E:\users\administrator.user-ho7ku9ob20\documents\visual studio 2012\Projects\XML\MySQLToXML\Debug\link.12148-rc.read.1.tlog
E:\users\administrator.user-ho7ku9ob20\documents\visual studio 2012\Projects\XML\MySQLToXML\Debug\link.12148-rc.write.1.tlog
E:\users\administrator.user-ho7ku9ob20\documents\visual studio 2012\Projects\XML\MySQLToXML\Debug\link.12148.read.1.tlog
E:\users\administrator.user-ho7ku9ob20\documents\visual studio 2012\Projects\XML\MySQLToXML\Debug\link.12148.write.1.tlog
E:\users\administrator.user-ho7ku9ob20\documents\visual studio 2012\Projects\XML\MySQLToXML\Debug\link.12952-cvtres.read.1.tlog
E:\users\administrator.user-ho7ku9ob20\documents\visual studio 2012\Projects\XML\MySQLToXML\Debug\link.12952-cvtres.write.1.tlog
E:\users\administrator.user-ho7ku9ob20\documents\visual studio 2012\Projects\XML\MySQLToXML\Debug\link.12952-rc.read.1.tlog
E:\users\administrator.user-ho7ku9ob20\documents\visual studio 2012\Projects\XML\MySQLToXML\Debug\link.12952-rc.write.1.tlog
E:\users\administrator.user-ho7ku9ob20\documents\visual studio 2012\Projects\XML\MySQLToXML\Debug\link.12952.read.1.tlog
E:\users\administrator.user-ho7ku9ob20\documents\visual studio 2012\Projects\XML\MySQLToXML\Debug\link.12952.write.1.tlog
E:\users\administrator.user-ho7ku9ob20\documents\visual studio 2012\Projects\XML\MySQLToXML\Debug\link.13088-cvtres.read.1.tlog
E:\users\administrator.user-ho7ku9ob20\documents\visual studio 2012\Projects\XML\MySQLToXML\Debug\link.13088-cvtres.write.1.tlog
E:\users\administrator.user-ho7ku9ob20\documents\visual studio 2012\Projects\XML\MySQLToXML\Debug\link.13088-rc.read.1.tlog
E:\users\administrator.user-ho7ku9ob20\documents\visual studio 2012\Projects\XML\MySQLToXML\Debug\link.13088-rc.write.1.tlog
E:\users\administrator.user-ho7ku9ob20\documents\visual studio 2012\Projects\XML\MySQLToXML\Debug\link.13088.read.1.tlog
E:\users\administrator.user-ho7ku9ob20\documents\visual studio 2012\Projects\XML\MySQLToXML\Debug\link.13088.write.1.tlog
E:\users\administrator.user-ho7ku9ob20\documents\visual studio 2012\Projects\XML\MySQLToXML\Debug\link.3588-cvtres.read.1.tlog
E:\users\administrator.user-ho7ku9ob20\documents\visual studio 2012\Projects\XML\MySQLToXML\Debug\link.3588-cvtres.write.1.tlog
E:\users\administrator.user-ho7ku9ob20\documents\visual studio 2012\Projects\XML\MySQLToXML\Debug\link.3588-rc.read.1.tlog
E:\users\administrator.user-ho7ku9ob20\documents\visual studio 2012\Projects\XML\MySQLToXML\Debug\link.3588-rc.write.1.tlog
E:\users\administrator.user-ho7ku9ob20\documents\visual studio 2012\Projects\XML\MySQLToXML\Debug\link.3588.read.1.tlog
E:\users\administrator.user-ho7ku9ob20\documents\visual studio 2012\Projects\XML\MySQLToXML\Debug\link.3588.write.1.tlog
E:\users\administrator.user-ho7ku9ob20\documents\visual studio 2012\Projects\XML\MySQLToXML\Debug\link.5100-cvtres.read.1.tlog
E:\users\administrator.user-ho7ku9ob20\documents\visual studio 2012\Projects\XML\MySQLToXML\Debug\link.5100-cvtres.write.1.tlog
E:\users\administrator.user-ho7ku9ob20\documents\visual studio 2012\Projects\XML\MySQLToXML\Debug\link.5100-rc.read.1.tlog
E:\users\administrator.user-ho7ku9ob20\documents\visual studio 2012\Projects\XML\MySQLToXML\Debug\link.5100-rc.write.1.tlog
E:\users\administrator.user-ho7ku9ob20\documents\visual studio 2012\Projects\XML\MySQLToXML\Debug\link.5100.read.1.tlog
E:\users\administrator.user-ho7ku9ob20\documents\visual studio 2012\Projects\XML\MySQLToXML\Debug\link.5100.write.1.tlog
E:\users\administrator.user-ho7ku9ob20\documents\visual studio 2012\Projects\XML\MySQLToXML\Debug\link.5128-cvtres.read.1.tlog
E:\users\administrator.user-ho7ku9ob20\documents\visual studio 2012\Projects\XML\MySQLToXML\Debug\link.5128-cvtres.write.1.tlog
E:\users\administrator.user-ho7ku9ob20\documents\visual studio 2012\Projects\XML\MySQLToXML\Debug\link.5128-rc.read.1.tlog
E:\users\administrator.user-ho7ku9ob20\documents\visual studio 2012\Projects\XML\MySQLToXML\Debug\link.5128-rc.write.1.tlog
E:\users\administrator.user-ho7ku9ob20\documents\visual studio 2012\Projects\XML\MySQLToXML\Debug\link.5128.read.1.tlog
E:\users\administrator.user-ho7ku9ob20\documents\visual studio 2012\Projects\XML\MySQLToXML\Debug\link.5128.write.1.tlog
E:\users\administrator.user-ho7ku9ob20\documents\visual studio 2012\Projects\XML\MySQLToXML\Debug\link.6968-cvtres.read.1.tlog
E:\users\administrator.user-ho7ku9ob20\documents\visual studio 2012\Projects\XML\MySQLToXML\Debug\link.6968-cvtres.write.1.tlog
E:\users\administrator.user-ho7ku9ob20\documents\visual studio 2012\Projects\XML\MySQLToXML\Debug\link.6968-rc.read.1.tlog
E:\users\administrator.user-ho7ku9ob20\documents\visual studio 2012\Projects\XML\MySQLToXML\Debug\link.6968-rc.write.1.tlog
E:\users\administrator.user-ho7ku9ob20\documents\visual studio 2012\Projects\XML\MySQLToXML\Debug\link.6968.read.1.tlog
E:\users\administrator.user-ho7ku9ob20\documents\visual studio 2012\Projects\XML\MySQLToXML\Debug\link.6968.write.1.tlog
E:\users\administrator.user-ho7ku9ob20\documents\visual studio 2012\Projects\XML\MySQLToXML\Debug\link.748-cvtres.read.1.tlog
E:\users\administrator.user-ho7ku9ob20\documents\visual studio 2012\Projects\XML\MySQLToXML\Debug\link.748-cvtres.write.1.tlog
E:\users\administrator.user-ho7ku9ob20\documents\visual studio 2012\Projects\XML\MySQLToXML\Debug\link.748-rc.read.1.tlog
E:\users\administrator.user-ho7ku9ob20\documents\visual studio 2012\Projects\XML\MySQLToXML\Debug\link.748-rc.write.1.tlog
E:\users\administrator.user-ho7ku9ob20\documents\visual studio 2012\Projects\XML\MySQLToXML\Debug\link.748.read.1.tlog
E:\users\administrator.user-ho7ku9ob20\documents\visual studio 2012\Projects\XML\MySQLToXML\Debug\link.748.write.1.tlog
E:\users\administrator.user-ho7ku9ob20\documents\visual studio 2012\Projects\XML\MySQLToXML\Debug\link.9584-cvtres.read.1.tlog
E:\users\administrator.user-ho7ku9ob20\documents\visual studio 2012\Projects\XML\MySQLToXML\Debug\link.9584-cvtres.write.1.tlog
E:\users\administrator.user-ho7ku9ob20\documents\visual studio 2012\Projects\XML\MySQLToXML\Debug\link.9584-rc.read.1.tlog
E:\users\administrator.user-ho7ku9ob20\documents\visual studio 2012\Projects\XML\MySQLToXML\Debug\link.9584-rc.write.1.tlog
E:\users\administrator.user-ho7ku9ob20\documents\visual studio 2012\Projects\XML\MySQLToXML\Debug\link.9584.read.1.tlog
E:\users\administrator.user-ho7ku9ob20\documents\visual studio 2012\Projects\XML\MySQLToXML\Debug\link.9584.write.1.tlog
E:\users\administrator.user-ho7ku9ob20\documents\visual studio 2012\Projects\XML\MySQLToXML\Debug\link.9628-cvtres.read.1.tlog
E:\users\administrator.user-ho7ku9ob20\documents\visual studio 2012\Projects\XML\MySQLToXML\Debug\link.9628-cvtres.write.1.tlog
E:\users\administrator.user-ho7ku9ob20\documents\visual studio 2012\Projects\XML\MySQLToXML\Debug\link.9628-rc.read.1.tlog
E:\users\administrator.user-ho7ku9ob20\documents\visual studio 2012\Projects\XML\MySQLToXML\Debug\link.9628-rc.write.1.tlog
E:\users\administrator.user-ho7ku9ob20\documents\visual studio 2012\Projects\XML\MySQLToXML\Debug\link.9628.read.1.tlog
E:\users\administrator.user-ho7ku9ob20\documents\visual studio 2012\Projects\XML\MySQLToXML\Debug\link.9628.write.1.tlog
E:\users\administrator.user-ho7ku9ob20\documents\visual studio 2012\Projects\XML\MySQLToXML\Debug\link.command.1.tlog
E:\users\administrator.user-ho7ku9ob20\documents\visual studio 2012\Projects\XML\MySQLToXML\Debug\link.read.1.tlog
E:\users\administrator.user-ho7ku9ob20\documents\visual studio 2012\Projects\XML\MySQLToXML\Debug\link.write.1.tlog
E:\users\administrator.user-ho7ku9ob20\documents\visual studio 2012\Projects\XML\MySQLToXML\Debug\libmysql.res
E:\users\administrator.user-ho7ku9ob20\documents\visual studio 2012\Projects\XML\MySQLToXML\Debug\vc110.idb
E:\users\administrator.user-ho7ku9ob20\documents\visual studio 2012\Projects\XML\MySQLToXML\Debug\vc110.pdb
E:\users\administrator.user-ho7ku9ob20\documents\visual studio 2012\Projects\XML\Debug\MySQLToXML.pdb
E:\users\administrator.user-ho7ku9ob20\documents\visual studio 2012\Projects\XML\Debug\MySQLToXML.exe
E:\users\administrator.user-ho7ku9ob20\documents\visual studio 2012\Projects\XML\Debug\MySQLToXML.ilk
